Using pre-set license
Built from '2020.3/staging' branch; Version is '2020.3.6f1 (338bb68529b2) revision 3378102'; Using compiler version '192528614'; Build Type 'Release'
OS: 'Windows 10 Home; OS build 22621.1992; Version 2009; 64bit' Language: 'ko' Physical Memory: 15628 MB
BatchMode: 1, IsHumanControllingUs: 0, StartBugReporterOnCrash: 0, Is64bit: 1, IsPro: 0

 COMMAND LINE ARGUMENTS:
C:\Program Files\Unity\Hub\Editor\2020.3.6f1\Editor\Unity.exe
-adb2
-batchMode
-noUpm
-name
AssetImportWorker0
-projectPath
C:/Users/user/Desktop/Unity Projects/amimal
-logFile
Logs/AssetImportWorker0.log
-srvPort
65008
Successfully changed project path to: C:/Users/user/Desktop/Unity Projects/amimal
C:/Users/user/Desktop/Unity Projects/amimal
Using Asset Import Pipeline V2.
Refreshing native plugins compatible for Editor in 33.94 ms, found 1 plugins.
Preloading 0 native plugins for Editor in 0.00 ms.
Initialize engine version: 2020.3.6f1 (338bb68529b2)
[Subsystems] Discovering subsystems at path C:/Program Files/Unity/Hub/Editor/2020.3.6f1/Editor/Data/Resources/UnitySubsystems
[Subsystems] Discovering subsystems at path C:/Users/user/Desktop/Unity Projects/amimal/Assets
GfxDevice: creating device client; threaded=0
Direct3D:
    Version:  Direct3D 11.0 [level 11.1]
    Renderer: NVIDIA GeForce RTX 3060 Laptop GPU (ID=0x2520)
    Vendor:   
    VRAM:     6023 MB
    Driver:   31.0.15.1640
Initialize mono
Mono path[0] = 'C:/Program Files/Unity/Hub/Editor/2020.3.6f1/Editor/Data/Managed'
Mono path[1] = 'C:/Program Files/Unity/Hub/Editor/2020.3.6f1/Editor/Data/MonoBleedingEdge/lib/mono/unityjit'
Mono config path = 'C:/Program Files/Unity/Hub/Editor/2020.3.6f1/Editor/Data/MonoBleedingEdge/etc'
Using monoOptions --debugger-agent=transport=dt_socket,embedding=1,server=y,suspend=n,address=127.0.0.1:56100
Begin MonoManager ReloadAssembly
Registering precompiled unity dll's ...
Register platform support module: C:/Program Files/Unity/Hub/Editor/2020.3.6f1/Editor/Data/PlaybackEngines/WebGLSupport/UnityEditor.WebGL.Extensions.dll
Register platform support module: C:/Program Files/Unity/Hub/Editor/2020.3.6f1/Editor/Data/PlaybackEngines/WindowsStandaloneSupport/UnityEditor.WindowsStandalone.Extensions.dll
Registered in 0.006653 seconds.
Native extension for WindowsStandalone target not found
Native extension for WebGL target not found
Refreshing native plugins compatible for Editor in 28.96 ms, found 1 plugins.
Preloading 0 native plugins for Editor in 0.00 ms.
Mono: successfully reloaded assembly
- Completed reload, in  1.119 seconds
Platform modules already initialized, skipping
Registering precompiled user dll's ...
Registered in 0.002051 seconds.
Begin MonoManager ReloadAssembly
Native extension for WindowsStandalone target not found
Native extension for WebGL target not found
Refreshing native plugins compatible for Editor in 29.37 ms, found 1 plugins.
Preloading 0 native plugins for Editor in 0.00 ms.
Mono: successfully reloaded assembly
- Completed reload, in  0.840 seconds
Platform modules already initialized, skipping
========================================================================
Worker process is ready to serve import requests
Launched and connected shader compiler UnityShaderCompiler.exe after 0.06 seconds
Refreshing native plugins compatible for Editor in 0.36 ms, found 1 plugins.
Preloading 0 native plugins for Editor in 0.00 ms.
Unloading 1816 Unused Serialized files (Serialized files now loaded: 0)
System memory in use before: 85.1 MB.
System memory in use after: 85.1 MB.

Unloading 24 unused Assets to reduce memory usage. Loaded Objects now: 2259.
Total: 2.558800 ms (FindLiveObjects: 0.344100 ms CreateObjectMapping: 0.129900 ms MarkObjects: 1.966000 ms  DeleteObjects: 0.117200 ms)

========================================================================
Received Import Request.
  path: Assets/Animations/Cutscene/General/Cutscene.controller
  artifactKey: Guid(743dcb30d85b13b458e6f4cca06d53c5) Importer(815301076,1909f56bfc062723c751e8b465ee728b)
Start importing Assets/Animations/Cutscene/General/Cutscene.controller using Guid(743dcb30d85b13b458e6f4cca06d53c5) Importer(815301076,1909f56bfc062723c751e8b465ee728b)  -> (artifact id: 'b81813ca43bed084f1138de8219f675b') in 0.050469 seconds
  Import took 0.053982 seconds .

========================================================================
Received Import Request.
  Time since last request: 83.890692 seconds.
  path: Assets/Animations/Cutscene/Stage 0/S0-Cutscene2.anim
  artifactKey: Guid(f2be48cce23e5a04889b61805661307f) Importer(815301076,1909f56bfc062723c751e8b465ee728b)
Start importing Assets/Animations/Cutscene/Stage 0/S0-Cutscene2.anim using Guid(f2be48cce23e5a04889b61805661307f) Importer(815301076,1909f56bfc062723c751e8b465ee728b)  -> (artifact id: 'd392fb5e26bc0c65ffd509dd46de7c3e') in 0.009766 seconds
  Import took 0.013898 seconds .

========================================================================
Received Import Request.
  Time since last request: 0.001539 seconds.
  path: Assets/Animations/Cutscene/Stage 0/S0-Cutscene2.anim
  artifactKey: Guid(f2be48cce23e5a04889b61805661307f) Importer(815301076,1909f56bfc062723c751e8b465ee728b)
Start importing Assets/Animations/Cutscene/Stage 0/S0-Cutscene2.anim using Guid(f2be48cce23e5a04889b61805661307f) Importer(815301076,1909f56bfc062723c751e8b465ee728b)  -> (artifact id: 'd392fb5e26bc0c65ffd509dd46de7c3e') in 0.005860 seconds
  Import took 0.008823 seconds .

AssetImportWorkerClient::OnTransportError - code=2 error=End of file
